 
                                                                                                                                                                                                                                                                
 
 
Variable Summary

         Measurement    Frequency
Role        Level         Count

INPUT     INTERVAL          11   
INPUT     NOMINAL            3   
LABEL     INTERVAL           1   
 
                                                                                                                                                                                                                                                                
 
 

The CONTENTS Procedure

Data Set Name        EMWS1.FIMPORT_DATA            Observations          23592
Member Type          DATA                          Variables             15   
Engine               V9                            Indexes               0    
Created              02/11/2019 21:23:37           Observation Length    168  
Last Modified        02/11/2019 21:23:37           Deleted Observations  0    
Protection                                         Compressed            NO   
Data Set Type                                      Sorted                NO   
Label                                                                         
Data Representation  WINDOWS_64                                               
Encoding             wlatin1  Western (Windows)                               


                                                  Engine/Host Dependent Information

Data Set Page Size          65536                                                                                                     
Number of Data Set Pages    61                                                                                                        
First Data Page             1                                                                                                         
Max Obs per Page            389                                                                                                       
Obs in First Data Page      372                                                                                                       
Number of Data Set Repairs  0                                                                                                         
ExtendObsCounter            YES                                                                                                       
Filename                    C:\Users\Darren\Desktop\SMU\Term 3A\DM\Group Project\project_asylum\Workspaces\EMWS1\fimport_data.sas7bdat
Release Created             9.0401M3                                                                                                  
Host Created                X64_8HOME                                                                                                 


                                   Alphabetic List of Variables and Attributes
 
 #    Variable                            Type    Len    Format     Informat    Label

 9    Country___territory_of_asylum_re    Char     19                           Country / territory of asylum/re
15    Encoded_Origin                      Num       8                           Encoded Origin                  
14    Encoded_Target_Country              Num       8                           Encoded Target Country          
13    Encoded_procedure_type              Num       8                           Encoded procedure type          
 1    Origin                              Char     41    $41.       $41.                                        
 5    Otherwise_closed                    Num       8    BEST12.    BEST32.                                     
10    RSD_procedure_type___level          Char      6                           RSD procedure type / level      
 4    Rejected                            Num       8    BEST12.    BEST32.                                     
 6    Successful                          Num       8    BEST12.    BEST32.                                     
11    Total_decisions                     Num       8                           Total decisions                 
 7    Unsuccessful                        Num       8    BEST12.    BEST32.                                     
 8    acceptance_rate                     Num       8    BEST12.    BEST32.                                     
12    accepted_rejected                   Num       8                           accepted/rejected               
 3    decisions_other                     Num       8    BEST12.    BEST32.                                     
 2    decisions_recognized                Num       8    BEST12.    BEST32.                                     
