MPRINT(EM_DIAGRAM):    data _null_;
MPRINT(EM_DIAGRAM):   call symput('NLDATE', strip(put(date(), NLDATE.)));
MPRINT(EM_DIAGRAM):   call symput('NLTIME', strip(put(datetime(), NLTIME.)));
MPRINT(EM_DIAGRAM):   run;
MPRINT(EM_DIAGRAM):   data _null_;
MPRINT(EM_DIAGRAM):   nldate= sasmsg("sashelp.dmine", "log_date_note", 'N', "01,November,2019" );
MPRINT(EM_DIAGRAM):   nltime= sasmsg("sashelp.dmine", "log_time_note", 'N', "19:52:37" );
MPRINT(EM_DIAGRAM):   put "*------------------------------------------------------------*";
MPRINT(EM_DIAGRAM):   put "* Report Log";
MPRINT(EM_DIAGRAM):   put nldate;
MPRINT(EM_DIAGRAM):   put nltime;
MPRINT(EM_DIAGRAM):   put "*------------------------------------------------------------*";
MPRINT(EM_DIAGRAM):   run;
*------------------------------------------------------------*
* Report Log
Date:                01,November,2019
Time:                19:52:37
*------------------------------------------------------------*
MPRINT(EM_DIAGRAM):    filename O0ASJY4X "C:\Users\Darren\Desktop\SMU\Term 3A\DM\Group Project\project_asylum\Workspaces\EMWS1\Part\EMREPORT.out" encoding="UTF-8" NOBOM;
MPRINT(EM_DIAGRAM):   proc printto print=O0ASJY4X new;
MPRINT(EM_DIAGRAM):   run;
MPRINT(EM_DIAGRAM):    data WORK.M0Z2TJTN;
MPRINT(EM_DIAGRAM):   set WORK.M0Z2TJTN;
MPRINT(EM_DIAGRAM):   where(ROLE = "TARGET" or ROLE = "FREQ");
MPRINT(EM_DIAGRAM):   run;
29535      *------------------------------------------------------------*;
MPRINT(EM_DIAGRAM):    *------------------------------------------------------------*;
29536      * Part: Computing statistics for class target variables;
MPRINT(EM_DIAGRAM):   * Part: Computing statistics for class target variables;
29537      *------------------------------------------------------------*;
MPRINT(EM_DIAGRAM):   *------------------------------------------------------------*;
29538      *------------------------------------------------------------*;
MPRINT(EM_DIAGRAM):   *------------------------------------------------------------*;
29539      * Part: Computing statistics for interval target variables;
MPRINT(EM_DIAGRAM):   * Part: Computing statistics for interval target variables;
29540      *------------------------------------------------------------*;
MPRINT(EM_DIAGRAM):   *------------------------------------------------------------*;
29541      proc means data=EMWS1.FIMPORT_train min max mean std noprint;
MPRINT(EM_DIAGRAM):   proc means data=EMWS1.FIMPORT_train min max mean std noprint;
29542      output out=WORK.Part_STATTEMP;
MPRINT(EM_DIAGRAM):   output out=WORK.Part_STATTEMP;
29543      var
29544      acceptance_rate
29545      ;
MPRINT(EM_DIAGRAM):   var acceptance_rate ;
29546      run;
MPRINT(EM_DIAGRAM):   run;

NOTE: View EMWS1.FIMPORT_TRAIN.VIEW used (Total process time):
      real time           0.08 seconds
      cpu time            0.10 seconds
      
NOTE: There were 124566 observations read from the data set EMWS1.FIMPORT_DATA.
NOTE: There were 124566 observations read from the data set EMWS1.FIMPORT_TRAIN.
NOTE: The data set WORK.PART_STATTEMP has 5 observations and 4 variables.
NOTE: PROCEDURE MEANS used (Total process time):
      real time           0.12 seconds
      cpu time            0.12 seconds
      

29547      proc sort data=WORK.Part_STATTEMP NOTHREADS;
MPRINT(EM_DIAGRAM):   proc sort data=WORK.Part_STATTEMP NOTHREADS;
29548      by _stat_;
MPRINT(EM_DIAGRAM):   by _stat_;
29549      run;
MPRINT(EM_DIAGRAM):   run;

NOTE: There were 5 observations read from the data set WORK.PART_STATTEMP.
NOTE: The data set WORK.PART_STATTEMP has 5 observations and 4 variables.
NOTE: PROCEDURE SORT used (Total process time):
      real time           0.02 seconds
      cpu time            0.01 seconds
      

29550      proc transpose data=WORK.Part_STATTEMP out=WORK.Part_BASICSTAT;
MPRINT(EM_DIAGRAM):   proc transpose data=WORK.Part_STATTEMP out=WORK.Part_BASICSTAT;
29551      id _stat_;
MPRINT(EM_DIAGRAM):   id _stat_;
29552      copy _FREQ_;
MPRINT(EM_DIAGRAM):   copy _FREQ_;
29553      var
29554      acceptance_rate
29555      ;
MPRINT(EM_DIAGRAM):   var acceptance_rate ;
29556      run;
MPRINT(EM_DIAGRAM):   run;

NOTE: There were 5 observations read from the data set WORK.PART_STATTEMP.
NOTE: The data set WORK.PART_BASICSTAT has 5 observations and 7 variables.
NOTE: PROCEDURE TRANSPOSE used (Total process time):
      real time           0.17 seconds
      cpu time            0.03 seconds
      

29557      data _statNamelbl;
MPRINT(EM_DIAGRAM):   data _statNamelbl;
29558      set WORK.M0Z2TJTN(keep=NAME LABEL rename=(NAME=_NAME_ LABEL=_LABEL_));
MPRINT(EM_DIAGRAM):   set WORK.M0Z2TJTN(keep=NAME LABEL rename=(NAME=_NAME_ LABEL=_LABEL_));
29559      run;
MPRINT(EM_DIAGRAM):   run;

NOTE: There were 1 observations read from the data set WORK.M0Z2TJTN.
NOTE: The data set WORK._STATNAMELBL has 1 observations and 2 variables.
NOTE: DATA statement used (Total process time):
      real time           0.08 seconds
      cpu time            0.00 seconds
      

29560      proc sort data=_statNamelbl;
MPRINT(EM_DIAGRAM):   proc sort data=_statNamelbl;
29561      by _NAME_;
MPRINT(EM_DIAGRAM):   by _NAME_;
29562      run;
MPRINT(EM_DIAGRAM):   run;

NOTE: There were 1 observations read from the data set WORK._STATNAMELBL.
NOTE: The data set WORK._STATNAMELBL has 1 observations and 2 variables.
NOTE: PROCEDURE SORT used (Total process time):
      real time           0.04 seconds
      cpu time            0.00 seconds
      

29563      proc sort data=WORK.Part_BASICSTAT;
MPRINT(EM_DIAGRAM):   proc sort data=WORK.Part_BASICSTAT;
29564      by _NAME_;
MPRINT(EM_DIAGRAM):   by _NAME_;
29565      run;
MPRINT(EM_DIAGRAM):   run;

NOTE: There were 5 observations read from the data set WORK.PART_BASICSTAT.
NOTE: The data set WORK.PART_BASICSTAT has 5 observations and 7 variables.
NOTE: PROCEDURE SORT used (Total process time):
      real time           0.02 seconds
      cpu time            0.00 seconds
      

29566      data WORK.Part_BASICSTAT;
MPRINT(EM_DIAGRAM):   data WORK.Part_BASICSTAT;
29567      label _NAME_ = "%sysfunc(sasmsg(sashelp.dmine, rpt_variable_vlabel, NOQUOTE))" MAX = "%sysfunc(sasmsg(sashelp.dmine, rpt_maximum_vlabel, NOQUOTE))" MEAN = "%sysfunc(sasmsg(sashelp.dmine, rpt_mean_vlabel, NOQUOTE))" MIN =
29568         "%sysfunc(sasmsg(sashelp.dmine, rpt_minimum_vlabel, NOQUOTE))" N = "%sysfunc(sasmsg(sashelp.dmine, rpt_nonMiss_vlabel, NOQUOTE))" NMiss = "%sysfunc(sasmsg(sashelp.dmine, rpt_missing_vlabel, NOQUOTE))" STD =
29569         "%sysfunc(sasmsg(sashelp.dmine, rpt_std_vlabel, NOQUOTE))" _LABEL_= "%sysfunc(sasmsg(sashelp.dmine, rpt_label_vlabel, NOQUOTE))";
MPRINT(EM_DIAGRAM):   label _NAME_ = "Variable" MAX = "Maximum" MEAN = "Mean" MIN = "Minimum" N = "Non Missing" NMiss = "Missing" STD = "Standard Deviation" _LABEL_= "Label";
29570      merge _statnamelbl(in=_a) WORK.Part_BASICSTAT(in=_b);
MPRINT(EM_DIAGRAM):   merge _statnamelbl(in=_a) WORK.Part_BASICSTAT(in=_b);
29571      by _NAME_;
MPRINT(EM_DIAGRAM):   by _NAME_;
29572      where _NAME_ ne '';
MPRINT(EM_DIAGRAM):   where _NAME_ ne '';
29573      NMISS = _FREQ_ - N;
MPRINT(EM_DIAGRAM):   NMISS = _FREQ_ - N;
29574      drop _FREQ_;
MPRINT(EM_DIAGRAM):   drop _FREQ_;
29575      if _a and _b then output;
MPRINT(EM_DIAGRAM):   if _a and _b then output;
29576      run;
MPRINT(EM_DIAGRAM):   run;

NOTE: There were 1 observations read from the data set WORK._STATNAMELBL.
      WHERE _NAME_ not = ' ';
NOTE: There were 1 observations read from the data set WORK.PART_BASICSTAT.
      WHERE _NAME_ not = ' ';
NOTE: The data set WORK.PART_BASICSTAT has 1 observations and 8 variables.
NOTE: DATA statement used (Total process time):
      real time           0.07 seconds
      cpu time            0.03 seconds
      

29577      data EMWS1.Part_INTRVL;
MPRINT(EM_DIAGRAM):    data EMWS1.Part_INTRVL;
29578      label DATA = "%sysfunc(sasmsg(sashelp.dmine, rpt_data_vlabel ,   NOQUOTE))";
MPRINT(EM_DIAGRAM):   label DATA = "Data";
29579      length DATA $8;
MPRINT(EM_DIAGRAM):   length DATA $8;
29580      set WORK.Part_BASICSTAT;
MPRINT(EM_DIAGRAM):   set WORK.Part_BASICSTAT;
29581      DATA = 'DATA';
MPRINT(EM_DIAGRAM):   DATA = 'DATA';
29582      run;
MPRINT(EM_DIAGRAM):   run;

NOTE: There were 1 observations read from the data set WORK.PART_BASICSTAT.
NOTE: The data set EMWS1.PART_INTRVL has 1 observations and 9 variables.
NOTE: DATA statement used (Total process time):
      real time           0.03 seconds
      cpu time            0.01 seconds
      

29583      *------------------------------------------------------------*;
MPRINT(EM_DIAGRAM):    *------------------------------------------------------------*;
29584      * Part: Computing statistics for class target variables;
MPRINT(EM_DIAGRAM):   * Part: Computing statistics for class target variables;
29585      *------------------------------------------------------------*;
MPRINT(EM_DIAGRAM):   *------------------------------------------------------------*;
29586      *------------------------------------------------------------*;
MPRINT(EM_DIAGRAM):   *------------------------------------------------------------*;
29587      * Part: Computing statistics for interval target variables;
MPRINT(EM_DIAGRAM):   * Part: Computing statistics for interval target variables;
29588      *------------------------------------------------------------*;
MPRINT(EM_DIAGRAM):   *------------------------------------------------------------*;
29589      proc means data=EMWS1.Part_TRAIN min max mean std noprint;
MPRINT(EM_DIAGRAM):   proc means data=EMWS1.Part_TRAIN min max mean std noprint;
29590      output out=WORK.Part_STATTEMP;
MPRINT(EM_DIAGRAM):   output out=WORK.Part_STATTEMP;
29591      var
29592      acceptance_rate
29593      ;
MPRINT(EM_DIAGRAM):   var acceptance_rate ;
29594      run;
MPRINT(EM_DIAGRAM):   run;

NOTE: There were 99653 observations read from the data set EMWS1.PART_TRAIN.
NOTE: The data set WORK.PART_STATTEMP has 5 observations and 4 variables.
NOTE: PROCEDURE MEANS used (Total process time):
      real time           0.06 seconds
      cpu time            0.03 seconds
      

29595      proc sort data=WORK.Part_STATTEMP NOTHREADS;
MPRINT(EM_DIAGRAM):   proc sort data=WORK.Part_STATTEMP NOTHREADS;
29596      by _stat_;
MPRINT(EM_DIAGRAM):   by _stat_;
29597      run;
MPRINT(EM_DIAGRAM):   run;

NOTE: There were 5 observations read from the data set WORK.PART_STATTEMP.
NOTE: The data set WORK.PART_STATTEMP has 5 observations and 4 variables.
NOTE: PROCEDURE SORT used (Total process time):
      real time           0.03 seconds
      cpu time            0.01 seconds
      

29598      proc transpose data=WORK.Part_STATTEMP out=WORK.Part_BASICSTAT;
MPRINT(EM_DIAGRAM):   proc transpose data=WORK.Part_STATTEMP out=WORK.Part_BASICSTAT;
29599      id _stat_;
MPRINT(EM_DIAGRAM):   id _stat_;
29600      copy _FREQ_;
MPRINT(EM_DIAGRAM):   copy _FREQ_;
29601      var
29602      acceptance_rate
29603      ;
MPRINT(EM_DIAGRAM):   var acceptance_rate ;
29604      run;
MPRINT(EM_DIAGRAM):   run;

NOTE: There were 5 observations read from the data set WORK.PART_STATTEMP.
NOTE: The data set WORK.PART_BASICSTAT has 5 observations and 7 variables.
NOTE: PROCEDURE TRANSPOSE used (Total process time):
      real time           0.14 seconds
      cpu time            0.03 seconds
      

29605      data _statNamelbl;
MPRINT(EM_DIAGRAM):   data _statNamelbl;
29606      set WORK.M0Z2TJTN(keep=NAME LABEL rename=(NAME=_NAME_ LABEL=_LABEL_));
MPRINT(EM_DIAGRAM):   set WORK.M0Z2TJTN(keep=NAME LABEL rename=(NAME=_NAME_ LABEL=_LABEL_));
29607      run;
MPRINT(EM_DIAGRAM):   run;

NOTE: There were 1 observations read from the data set WORK.M0Z2TJTN.
NOTE: The data set WORK._STATNAMELBL has 1 observations and 2 variables.
NOTE: DATA statement used (Total process time):
      real time           0.04 seconds
      cpu time            0.04 seconds
      

29608      proc sort data=_statNamelbl;
MPRINT(EM_DIAGRAM):   proc sort data=_statNamelbl;
29609      by _NAME_;
MPRINT(EM_DIAGRAM):   by _NAME_;
29610      run;
MPRINT(EM_DIAGRAM):   run;

NOTE: There were 1 observations read from the data set WORK._STATNAMELBL.
NOTE: The data set WORK._STATNAMELBL has 1 observations and 2 variables.
NOTE: PROCEDURE SORT used (Total process time):
      real time           0.03 seconds
      cpu time            0.00 seconds
      

29611      proc sort data=WORK.Part_BASICSTAT;
MPRINT(EM_DIAGRAM):   proc sort data=WORK.Part_BASICSTAT;
29612      by _NAME_;
MPRINT(EM_DIAGRAM):   by _NAME_;
29613      run;
MPRINT(EM_DIAGRAM):   run;

NOTE: There were 5 observations read from the data set WORK.PART_BASICSTAT.
NOTE: The data set WORK.PART_BASICSTAT has 5 observations and 7 variables.
NOTE: PROCEDURE SORT used (Total process time):
      real time           0.02 seconds
      cpu time            0.01 seconds
      

29614      data WORK.Part_BASICSTAT;
MPRINT(EM_DIAGRAM):   data WORK.Part_BASICSTAT;
29615      label _NAME_ = "%sysfunc(sasmsg(sashelp.dmine, rpt_variable_vlabel, NOQUOTE))" MAX = "%sysfunc(sasmsg(sashelp.dmine, rpt_maximum_vlabel, NOQUOTE))" MEAN = "%sysfunc(sasmsg(sashelp.dmine, rpt_mean_vlabel, NOQUOTE))" MIN =
29616         "%sysfunc(sasmsg(sashelp.dmine, rpt_minimum_vlabel, NOQUOTE))" N = "%sysfunc(sasmsg(sashelp.dmine, rpt_nonMiss_vlabel, NOQUOTE))" NMiss = "%sysfunc(sasmsg(sashelp.dmine, rpt_missing_vlabel, NOQUOTE))" STD =
29617         "%sysfunc(sasmsg(sashelp.dmine, rpt_std_vlabel, NOQUOTE))" _LABEL_= "%sysfunc(sasmsg(sashelp.dmine, rpt_label_vlabel, NOQUOTE))";
MPRINT(EM_DIAGRAM):   label _NAME_ = "Variable" MAX = "Maximum" MEAN = "Mean" MIN = "Minimum" N = "Non Missing" NMiss = "Missing" STD = "Standard Deviation" _LABEL_= "Label";
29618      merge _statnamelbl(in=_a) WORK.Part_BASICSTAT(in=_b);
MPRINT(EM_DIAGRAM):   merge _statnamelbl(in=_a) WORK.Part_BASICSTAT(in=_b);
29619      by _NAME_;
MPRINT(EM_DIAGRAM):   by _NAME_;
29620      where _NAME_ ne '';
MPRINT(EM_DIAGRAM):   where _NAME_ ne '';
29621      NMISS = _FREQ_ - N;
MPRINT(EM_DIAGRAM):   NMISS = _FREQ_ - N;
29622      drop _FREQ_;
MPRINT(EM_DIAGRAM):   drop _FREQ_;
29623      if _a and _b then output;
MPRINT(EM_DIAGRAM):   if _a and _b then output;
29624      run;
MPRINT(EM_DIAGRAM):   run;

NOTE: There were 1 observations read from the data set WORK._STATNAMELBL.
      WHERE _NAME_ not = ' ';
NOTE: There were 1 observations read from the data set WORK.PART_BASICSTAT.
      WHERE _NAME_ not = ' ';
NOTE: The data set WORK.PART_BASICSTAT has 1 observations and 8 variables.
NOTE: DATA statement used (Total process time):
      real time           0.04 seconds
      cpu time            0.03 seconds
      

29625      data WORK.Part_BASICSTAT;
MPRINT(EM_DIAGRAM):    data WORK.Part_BASICSTAT;
29626      label DATA = "%sysfunc(sasmsg(sashelp.dmine, rpt_data_vlabel ,   NOQUOTE))";
MPRINT(EM_DIAGRAM):   label DATA = "Data";
29627      length DATA $8;
MPRINT(EM_DIAGRAM):   length DATA $8;
29628      set WORK.Part_BASICSTAT;
MPRINT(EM_DIAGRAM):   set WORK.Part_BASICSTAT;
29629      DATA = "TRAIN";
MPRINT(EM_DIAGRAM):   DATA = "TRAIN";
29630      run;
MPRINT(EM_DIAGRAM):   run;

NOTE: There were 1 observations read from the data set WORK.PART_BASICSTAT.
NOTE: The data set WORK.PART_BASICSTAT has 1 observations and 9 variables.
NOTE: DATA statement used (Total process time):
      real time           0.02 seconds
      cpu time            0.00 seconds
      

29631      data EMWS1.Part_INTRVL;
MPRINT(EM_DIAGRAM):   data EMWS1.Part_INTRVL;
29632      set EMWS1.Part_INTRVL WORK.Part_BASICSTAT;
MPRINT(EM_DIAGRAM):   set EMWS1.Part_INTRVL WORK.Part_BASICSTAT;
29633      run;
MPRINT(EM_DIAGRAM):   run;

NOTE: There were 1 observations read from the data set EMWS1.PART_INTRVL.
NOTE: There were 1 observations read from the data set WORK.PART_BASICSTAT.
NOTE: The data set EMWS1.PART_INTRVL has 2 observations and 9 variables.
NOTE: DATA statement used (Total process time):
      real time           0.02 seconds
      cpu time            0.01 seconds
      

29634      *------------------------------------------------------------*;
MPRINT(EM_DIAGRAM):    *------------------------------------------------------------*;
29635      * Part: Computing statistics for class target variables;
MPRINT(EM_DIAGRAM):   * Part: Computing statistics for class target variables;
29636      *------------------------------------------------------------*;
MPRINT(EM_DIAGRAM):   *------------------------------------------------------------*;
29637      *------------------------------------------------------------*;
MPRINT(EM_DIAGRAM):   *------------------------------------------------------------*;
29638      * Part: Computing statistics for interval target variables;
MPRINT(EM_DIAGRAM):   * Part: Computing statistics for interval target variables;
29639      *------------------------------------------------------------*;
MPRINT(EM_DIAGRAM):   *------------------------------------------------------------*;
29640      proc means data=EMWS1.Part_VALIDATE min max mean std noprint;
MPRINT(EM_DIAGRAM):   proc means data=EMWS1.Part_VALIDATE min max mean std noprint;
29641      output out=WORK.Part_STATTEMP;
MPRINT(EM_DIAGRAM):   output out=WORK.Part_STATTEMP;
29642      var
29643      acceptance_rate
29644      ;
MPRINT(EM_DIAGRAM):   var acceptance_rate ;
29645      run;
MPRINT(EM_DIAGRAM):   run;

NOTE: There were 24913 observations read from the data set EMWS1.PART_VALIDATE.
NOTE: The data set WORK.PART_STATTEMP has 5 observations and 4 variables.
NOTE: PROCEDURE MEANS used (Total process time):
      real time           0.03 seconds
      cpu time            0.01 seconds
      

29646      proc sort data=WORK.Part_STATTEMP NOTHREADS;
MPRINT(EM_DIAGRAM):   proc sort data=WORK.Part_STATTEMP NOTHREADS;
29647      by _stat_;
MPRINT(EM_DIAGRAM):   by _stat_;
29648      run;
MPRINT(EM_DIAGRAM):   run;

NOTE: There were 5 observations read from the data set WORK.PART_STATTEMP.
NOTE: The data set WORK.PART_STATTEMP has 5 observations and 4 variables.
NOTE: PROCEDURE SORT used (Total process time):
      real time           0.02 seconds
      cpu time            0.01 seconds
      

29649      proc transpose data=WORK.Part_STATTEMP out=WORK.Part_BASICSTAT;
MPRINT(EM_DIAGRAM):   proc transpose data=WORK.Part_STATTEMP out=WORK.Part_BASICSTAT;
29650      id _stat_;
MPRINT(EM_DIAGRAM):   id _stat_;
29651      copy _FREQ_;
MPRINT(EM_DIAGRAM):   copy _FREQ_;
29652      var
29653      acceptance_rate
29654      ;
MPRINT(EM_DIAGRAM):   var acceptance_rate ;
29655      run;
MPRINT(EM_DIAGRAM):   run;

NOTE: There were 5 observations read from the data set WORK.PART_STATTEMP.
NOTE: The data set WORK.PART_BASICSTAT has 5 observations and 7 variables.
NOTE: PROCEDURE TRANSPOSE used (Total process time):
      real time           0.11 seconds
      cpu time            0.01 seconds
      

29656      data _statNamelbl;
MPRINT(EM_DIAGRAM):   data _statNamelbl;
29657      set WORK.M0Z2TJTN(keep=NAME LABEL rename=(NAME=_NAME_ LABEL=_LABEL_));
MPRINT(EM_DIAGRAM):   set WORK.M0Z2TJTN(keep=NAME LABEL rename=(NAME=_NAME_ LABEL=_LABEL_));
29658      run;
MPRINT(EM_DIAGRAM):   run;

NOTE: There were 1 observations read from the data set WORK.M0Z2TJTN.
NOTE: The data set WORK._STATNAMELBL has 1 observations and 2 variables.
NOTE: DATA statement used (Total process time):
      real time           0.02 seconds
      cpu time            0.00 seconds
      

29659      proc sort data=_statNamelbl;
MPRINT(EM_DIAGRAM):   proc sort data=_statNamelbl;
29660      by _NAME_;
MPRINT(EM_DIAGRAM):   by _NAME_;
29661      run;
MPRINT(EM_DIAGRAM):   run;

NOTE: There were 1 observations read from the data set WORK._STATNAMELBL.
NOTE: The data set WORK._STATNAMELBL has 1 observations and 2 variables.
NOTE: PROCEDURE SORT used (Total process time):
      real time           0.02 seconds
      cpu time            0.01 seconds
      

29662      proc sort data=WORK.Part_BASICSTAT;
MPRINT(EM_DIAGRAM):   proc sort data=WORK.Part_BASICSTAT;
29663      by _NAME_;
MPRINT(EM_DIAGRAM):   by _NAME_;
29664      run;
MPRINT(EM_DIAGRAM):   run;

NOTE: There were 5 observations read from the data set WORK.PART_BASICSTAT.
NOTE: The data set WORK.PART_BASICSTAT has 5 observations and 7 variables.
NOTE: PROCEDURE SORT used (Total process time):
      real time           0.01 seconds
      cpu time            0.00 seconds
      

29665      data WORK.Part_BASICSTAT;
MPRINT(EM_DIAGRAM):   data WORK.Part_BASICSTAT;
29666      label _NAME_ = "%sysfunc(sasmsg(sashelp.dmine, rpt_variable_vlabel, NOQUOTE))" MAX = "%sysfunc(sasmsg(sashelp.dmine, rpt_maximum_vlabel, NOQUOTE))" MEAN = "%sysfunc(sasmsg(sashelp.dmine, rpt_mean_vlabel, NOQUOTE))" MIN =
29667         "%sysfunc(sasmsg(sashelp.dmine, rpt_minimum_vlabel, NOQUOTE))" N = "%sysfunc(sasmsg(sashelp.dmine, rpt_nonMiss_vlabel, NOQUOTE))" NMiss = "%sysfunc(sasmsg(sashelp.dmine, rpt_missing_vlabel, NOQUOTE))" STD =
29668         "%sysfunc(sasmsg(sashelp.dmine, rpt_std_vlabel, NOQUOTE))" _LABEL_= "%sysfunc(sasmsg(sashelp.dmine, rpt_label_vlabel, NOQUOTE))";
MPRINT(EM_DIAGRAM):   label _NAME_ = "Variable" MAX = "Maximum" MEAN = "Mean" MIN = "Minimum" N = "Non Missing" NMiss = "Missing" STD = "Standard Deviation" _LABEL_= "Label";
29669      merge _statnamelbl(in=_a) WORK.Part_BASICSTAT(in=_b);
MPRINT(EM_DIAGRAM):   merge _statnamelbl(in=_a) WORK.Part_BASICSTAT(in=_b);
29670      by _NAME_;
MPRINT(EM_DIAGRAM):   by _NAME_;
29671      where _NAME_ ne '';
MPRINT(EM_DIAGRAM):   where _NAME_ ne '';
29672      NMISS = _FREQ_ - N;
MPRINT(EM_DIAGRAM):   NMISS = _FREQ_ - N;
29673      drop _FREQ_;
MPRINT(EM_DIAGRAM):   drop _FREQ_;
29674      if _a and _b then output;
MPRINT(EM_DIAGRAM):   if _a and _b then output;
29675      run;
MPRINT(EM_DIAGRAM):   run;

NOTE: There were 1 observations read from the data set WORK._STATNAMELBL.
      WHERE _NAME_ not = ' ';
NOTE: There were 1 observations read from the data set WORK.PART_BASICSTAT.
      WHERE _NAME_ not = ' ';
NOTE: The data set WORK.PART_BASICSTAT has 1 observations and 8 variables.
NOTE: DATA statement used (Total process time):
      real time           0.04 seconds
      cpu time            0.03 seconds
      

29676      data WORK.Part_BASICSTAT;
MPRINT(EM_DIAGRAM):    data WORK.Part_BASICSTAT;
29677      label DATA = "%sysfunc(sasmsg(sashelp.dmine, rpt_data_vlabel ,   NOQUOTE))";
MPRINT(EM_DIAGRAM):   label DATA = "Data";
29678      length DATA $8;
MPRINT(EM_DIAGRAM):   length DATA $8;
29679      set WORK.Part_BASICSTAT;
MPRINT(EM_DIAGRAM):   set WORK.Part_BASICSTAT;
29680      DATA = "VALIDATE";
MPRINT(EM_DIAGRAM):   DATA = "VALIDATE";
29681      run;
MPRINT(EM_DIAGRAM):   run;

NOTE: There were 1 observations read from the data set WORK.PART_BASICSTAT.
NOTE: The data set WORK.PART_BASICSTAT has 1 observations and 9 variables.
NOTE: DATA statement used (Total process time):
      real time           0.02 seconds
      cpu time            0.01 seconds
      

29682      data EMWS1.Part_INTRVL;
MPRINT(EM_DIAGRAM):   data EMWS1.Part_INTRVL;
29683      set EMWS1.Part_INTRVL WORK.Part_BASICSTAT;
MPRINT(EM_DIAGRAM):   set EMWS1.Part_INTRVL WORK.Part_BASICSTAT;
29684      run;
MPRINT(EM_DIAGRAM):   run;

NOTE: There were 2 observations read from the data set EMWS1.PART_INTRVL.
NOTE: There were 1 observations read from the data set WORK.PART_BASICSTAT.
NOTE: The data set EMWS1.PART_INTRVL has 3 observations and 9 variables.
NOTE: DATA statement used (Total process time):
      real time           0.02 seconds
      cpu time            0.00 seconds
      

29685      data EMWS1.Part_INTRVL(rename=(_name_=VARIABLE));
MPRINT(EM_DIAGRAM):    data EMWS1.Part_INTRVL(rename=(_name_=VARIABLE));
29686      set EMWS1.Part_INTRVL;
MPRINT(EM_DIAGRAM):   set EMWS1.Part_INTRVL;
29687      label _NAME_ = "%sysfunc(sasmsg(sashelp.dmine, rpt_variable_vlabel, NOQUOTE))" MIN = "%sysfunc(sasmsg(sashelp.dmine, rpt_minimum_vlabel,  NOQUOTE))" MAX = "%sysfunc(sasmsg(sashelp.dmine, rpt_maximum_vlabel,  NOQUOTE))" MEAN =
29688         "%sysfunc(sasmsg(sashelp.dmine, rpt_mean_vlabel,     NOQUOTE))" STD = "%sysfunc(sasmsg(sashelp.dmine, rpt_std_vlabel,      NOQUOTE))" N = "%sysfunc(sasmsg(sashelp.dmine, rpt_numObs_vlabel,   NOQUOTE))";
MPRINT(EM_DIAGRAM):   label _NAME_ = "Variable" MIN = "Minimum" MAX = "Maximum" MEAN = "Mean" STD = "Standard Deviation" N = "Number of Observations";
29689      run;
MPRINT(EM_DIAGRAM):   run;

NOTE: There were 3 observations read from the data set EMWS1.PART_INTRVL.
NOTE: The data set EMWS1.PART_INTRVL has 3 observations and 9 variables.
NOTE: DATA statement used (Total process time):
      real time           0.03 seconds
      cpu time            0.03 seconds
      

29690      proc sort data=EMWS1.Part_INTRVL NOTHREADS;
MPRINT(EM_DIAGRAM):   proc sort data=EMWS1.Part_INTRVL NOTHREADS;
29691      by DATA;
MPRINT(EM_DIAGRAM):   by DATA;
29692      run;
MPRINT(EM_DIAGRAM):   run;

NOTE: There were 3 observations read from the data set EMWS1.PART_INTRVL.
NOTE: The data set EMWS1.PART_INTRVL has 3 observations and 9 variables.
NOTE: PROCEDURE SORT used (Total process time):
      real time           0.01 seconds
      cpu time            0.00 seconds
      

29693      %let _cn = %sysfunc(getoption(CENTER));
29694      %let _nb = %sysfunc(getoption(NUMBER));
29695      options nonumber nocenter;
MPRINT(EM_DIAGRAM):   options nonumber nocenter;
29696      proc print data=EMWS1.Part_INTRVL noobs label;
MPRINT(EM_DIAGRAM):   proc print data=EMWS1.Part_INTRVL noobs label;
29697      by DATA;
MPRINT(EM_DIAGRAM):   by DATA;
29698      title9 ' ';
MPRINT(EM_DIAGRAM):   title9 ' ';
29699      title10 "%sysfunc(sasmsg(sashelp.dmine,  rpt_intervalTargetStats_title, NOQUOTE))";
MPRINT(EM_DIAGRAM):   title10 "Summary Statistics for Interval Targets";
MPRINT(EM_DIAGRAM):   run;
29700      run;

NOTE: There were 3 observations read from the data set EMWS1.PART_INTRVL.
NOTE: The PROCEDURE PRINT printed page 6.
NOTE: PROCEDURE PRINT used (Total process time):
      real time           0.01 seconds
      cpu time            0.00 seconds
      

29701      title10;
MPRINT(EM_DIAGRAM):   title10;
29702      options &_cn &_nb;
MPRINT(EM_DIAGRAM):   options NOCENTER NONUMBER;
MPRINT(EM_DIAGRAM):    proc printto;
MPRINT(EM_DIAGRAM):   run;
